<?xml version="1.0" encoding="UTF-8" ?>
<testsuite tests="1" failures="1" name="ru.ifmo.pp.fgb.MTStressTest" time="0.107" errors="0" skipped="0">
  <properties>
    <property name="idea.version" value="13.1.5"/>
    <property name="java.runtime.name" value="Java(TM) SE Runtime Environment"/>
    <property name="sun.boot.library.path" value="/usr/lib/jvm/java-8-oracle/jre/lib/amd64"/>
    <property name="java.vm.version" value="25.5-b02"/>
    <property name="java.vm.vendor" value="Oracle Corporation"/>
    <property name="java.vendor.url" value="http://java.oracle.com/"/>
    <property name="path.separator" value=":"/>
    <property name="guice.disable.misplaced.annotation.check" value="true"/>
    <property name="java.vm.name" value="Java HotSpot(TM) 64-Bit Server VM"/>
    <property name="file.encoding.pkg" value="sun.io"/>
    <property name="idea.launcher.port" value="7533"/>
    <property name="user.country" value="US"/>
    <property name="sun.java.launcher" value="SUN_STANDARD"/>
    <property name="sun.os.patch.level" value="unknown"/>
    <property name="java.vm.specification.name" value="Java Virtual Machine Specification"/>
    <property name="user.dir" value="/home/ruslan/Hometasks/ITMO/mp/hw1"/>
    <property name="java.runtime.version" value="1.8.0_05-b13"/>
    <property name="java.awt.graphicsenv" value="sun.awt.X11GraphicsEnvironment"/>
    <property name="java.endorsed.dirs" value="/usr/lib/jvm/java-8-oracle/jre/lib/endorsed"/>
    <property name="os.arch" value="amd64"/>
    <property name="java.io.tmpdir" value="/tmp"/>
    <property name="line.separator" value="
"/>
    <property name="java.vm.specification.vendor" value="Oracle Corporation"/>
    <property name="os.name" value="Linux"/>
    <property name="classworlds.conf" value="/usr/share/maven/bin/m2.conf"/>
    <property name="sun.jnu.encoding" value="UTF-8"/>
    <property name="java.library.path" value="/home/ruslan/Documents/idea-IU-135.690/bin::/usr/java/packages/lib/amd64:/usr/lib64:/lib64:/lib:/usr/lib"/>
    <property name="java.specification.name" value="Java Platform API Specification"/>
    <property name="java.class.version" value="52.0"/>
    <property name="sun.management.compiler" value="HotSpot 64-Bit Tiered Compilers"/>
    <property name="os.version" value="3.16.0-24-generic"/>
    <property name="user.home" value="/home/ruslan"/>
    <property name="user.timezone" value="Europe/Moscow"/>
    <property name="java.awt.printerjob" value="sun.print.PSPrinterJob"/>
    <property name="java.specification.version" value="1.8"/>
    <property name="idea.launcher.bin.path" value="/home/ruslan/Documents/idea-IU-135.690/bin"/>
    <property name="file.encoding" value="UTF-8"/>
    <property name="user.name" value="ruslan"/>
    <property name="java.class.path" value="/usr/share/maven/boot/plexus-classworlds-2.x.jar:/home/ruslan/Documents/idea-IU-135.690/lib/idea_rt.jar"/>
    <property name="java.vm.specification.version" value="1.8"/>
    <property name="sun.arch.data.model" value="64"/>
    <property name="java.home" value="/usr/lib/jvm/java-8-oracle/jre"/>
    <property name="sun.java.command" value="com.intellij.rt.execution.application.AppMain org.codehaus.classworlds.Launcher -Didea.version=13.1.5 test"/>
    <property name="java.specification.vendor" value="Oracle Corporation"/>
    <property name="user.language" value="en"/>
    <property name="awt.toolkit" value="sun.awt.X11.XToolkit"/>
    <property name="java.vm.info" value="mixed mode"/>
    <property name="java.version" value="1.8.0_05"/>
    <property name="java.ext.dirs" value="/usr/lib/jvm/java-8-oracle/jre/lib/ext:/usr/java/packages/lib/ext"/>
    <property name="securerandom.source" value="file:/dev/./urandom"/>
    <property name="sun.boot.class.path" value="/usr/lib/jvm/java-8-oracle/jre/lib/resources.jar:/usr/lib/jvm/java-8-oracle/jre/lib/rt.jar:/usr/lib/jvm/java-8-oracle/jre/lib/sunrsasign.jar:/usr/lib/jvm/java-8-oracle/jre/lib/jsse.jar:/usr/lib/jvm/java-8-oracle/jre/lib/jce.jar:/usr/lib/jvm/java-8-oracle/jre/lib/charsets.jar:/usr/lib/jvm/java-8-oracle/jre/lib/jfr.jar:/usr/lib/jvm/java-8-oracle/jre/classes"/>
    <property name="java.vendor" value="Oracle Corporation"/>
    <property name="maven.home" value="/usr/share/maven"/>
    <property name="file.separator" value="/"/>
    <property name="java.vendor.url.bug" value="http://bugreport.sun.com/bugreport/"/>
    <property name="sun.cpu.endian" value="little"/>
    <property name="sun.io.unicode.encoding" value="UnicodeLittle"/>
    <property name="sun.desktop" value="gnome"/>
    <property name="sun.cpu.isalist" value=""/>
  </properties>
  <testcase classname="ru.ifmo.pp.fgb.MTStressTest" name="testStress" time="0.085">
    <failure type="junit.framework.AssertionFailedError">junit.framework.AssertionFailedError
	at junit.framework.Assert.fail(Assert.java:47)
	at junit.framework.Assert.assertTrue(Assert.java:20)
	at junit.framework.Assert.assertFalse(Assert.java:34)
	at junit.framework.Assert.assertFalse(Assert.java:41)
	at ru.ifmo.pp.fgb.MTStressTest.testStress(MTStressTest.java:49)
</failure>
    <system-out>Thread 2, phase 1: start
Thread 12, phase 1: start
Thread 1, phase 1: start
Thread 13, phase 1: start
Thread 7, phase 1: start
Thread 14, phase 1: start
Thread 15, phase 1: start
Thread 0, phase 1: start
Thread 8, phase 1: start
Thread 9, phase 1: start
Thread 10, phase 1: start
Thread 3, phase 1: start
Thread 11, phase 1: start
Thread 5, phase 1: start
Thread 4, phase 1: start
Thread 6, phase 1: start
</system-out>
    <system-err>junit.framework.AssertionFailedError: expected:&lt;0&gt; but was:&lt;54&gt;
	at junit.framework.Assert.fail(Assert.java:47)
	at junit.framework.Assert.failNotEquals(Assert.java:280)
	at junit.framework.Assert.assertEquals(Assert.java:64)
	at junit.framework.Assert.assertEquals(Assert.java:133)
	at junit.framework.Assert.assertEquals(Assert.java:139)
	at ru.ifmo.pp.fgb.MTStressTest$TestThread.runOperation(MTStressTest.java:108)
	at ru.ifmo.pp.fgb.MTStressTest$TestThread.runPhase(MTStressTest.java:86)
	at ru.ifmo.pp.fgb.MTStressTest$TestThread.run(MTStressTest.java:67)
junit.framework.AssertionFailedError: expected:&lt;0&gt; but was:&lt;97&gt;
	at junit.framework.Assert.fail(Assert.java:47)
	at junit.framework.Assert.failNotEquals(Assert.java:280)
	at junit.framework.Assert.assertEquals(Assert.java:64)
	at junit.framework.Assert.assertEquals(Assert.java:133)
	at junit.framework.Assert.assertEquals(Assert.java:139)
	at ru.ifmo.pp.fgb.MTStressTest$TestThread.runOperation(MTStressTest.java:108)
	at ru.ifmo.pp.fgb.MTStressTest$TestThread.runPhase(MTStressTest.java:86)
	at ru.ifmo.pp.fgb.MTStressTest$TestThread.run(MTStressTest.java:67)
junit.framework.AssertionFailedError: expected:&lt;0&gt; but was:&lt;9&gt;
	at junit.framework.Assert.fail(Assert.java:47)
	at junit.framework.Assert.failNotEquals(Assert.java:280)
	at junit.framework.Assert.assertEquals(Assert.java:64)
	at junit.framework.Assert.assertEquals(Assert.java:133)
	at junit.framework.Assert.assertEquals(Assert.java:139)
	at ru.ifmo.pp.fgb.MTStressTest$TestThread.runOperation(MTStressTest.java:108)
	at ru.ifmo.pp.fgb.MTStressTest$TestThread.runPhase(MTStressTest.java:86)
	at ru.ifmo.pp.fgb.MTStressTest$TestThread.run(MTStressTest.java:67)
junit.framework.AssertionFailedError: expected:&lt;0&gt; but was:&lt;67&gt;
	at junit.framework.Assert.fail(Assert.java:47)
	at junit.framework.Assert.failNotEquals(Assert.java:280)
	at junit.framework.Assert.assertEquals(Assert.java:64)
	at junit.framework.Assert.assertEquals(Assert.java:133)
	at junit.framework.Assert.assertEquals(Assert.java:139)
	at ru.ifmo.pp.fgb.MTStressTest$TestThread.runOperation(MTStressTest.java:108)
	at ru.ifmo.pp.fgb.MTStressTest$TestThread.runPhase(MTStressTest.java:86)
	at ru.ifmo.pp.fgb.MTStressTest$TestThread.run(MTStressTest.java:67)
junit.framework.AssertionFailedError: expected:&lt;0&gt; but was:&lt;31&gt;
	at junit.framework.Assert.fail(Assert.java:47)
	at junit.framework.Assert.failNotEquals(Assert.java:280)
	at junit.framework.Assert.assertEquals(Assert.java:64)
	at junit.framework.Assert.assertEquals(Assert.java:133)
	at junit.framework.Assert.assertEquals(Assert.java:139)
	at ru.ifmo.pp.fgb.MTStressTest$TestThread.runOperation(MTStressTest.java:108)
	at ru.ifmo.pp.fgb.MTStressTest$TestThread.runPhase(MTStressTest.java:86)
	at ru.ifmo.pp.fgb.MTStressTest$TestThread.run(MTStressTest.java:67)
junit.framework.AssertionFailedError: expected:&lt;0&gt; but was:&lt;82&gt;
	at junit.framework.Assert.fail(Assert.java:47)
	at junit.framework.Assert.failNotEquals(Assert.java:280)
	at junit.framework.Assert.assertEquals(Assert.java:64)
	at junit.framework.Assert.assertEquals(Assert.java:133)
	at junit.framework.Assert.assertEquals(Assert.java:139)
	at ru.ifmo.pp.fgb.MTStressTest$TestThread.runOperation(MTStressTest.java:108)
	at ru.ifmo.pp.fgb.MTStressTest$TestThread.runPhase(MTStressTest.java:86)
	at ru.ifmo.pp.fgb.MTStressTest$TestThread.run(MTStressTest.java:67)
junit.framework.AssertionFailedError: expected:&lt;0&gt; but was:&lt;89&gt;
	at junit.framework.Assert.fail(Assert.java:47)
	at junit.framework.Assert.failNotEquals(Assert.java:280)
	at junit.framework.Assert.assertEquals(Assert.java:64)
	at junit.framework.Assert.assertEquals(Assert.java:133)
	at junit.framework.Assert.assertEquals(Assert.java:139)
	at ru.ifmo.pp.fgb.MTStressTest$TestThread.runOperation(MTStressTest.java:108)
	at ru.ifmo.pp.fgb.MTStressTest$TestThread.runPhase(MTStressTest.java:86)
	at ru.ifmo.pp.fgb.MTStressTest$TestThread.run(MTStressTest.java:67)
junit.framework.AssertionFailedError: expected:&lt;0&gt; but was:&lt;42&gt;
	at junit.framework.Assert.fail(Assert.java:47)
	at junit.framework.Assert.failNotEquals(Assert.java:280)
	at junit.framework.Assert.assertEquals(Assert.java:64)
	at junit.framework.Assert.assertEquals(Assert.java:133)
	at junit.framework.Assert.assertEquals(Assert.java:139)
	at ru.ifmo.pp.fgb.MTStressTest$TestThread.runOperation(MTStressTest.java:108)
	at ru.ifmo.pp.fgb.MTStressTest$TestThread.runPhase(MTStressTest.java:86)
	at ru.ifmo.pp.fgb.MTStressTest$TestThread.run(MTStressTest.java:67)
junit.framework.AssertionFailedError: expected:&lt;0&gt; but was:&lt;59&gt;
	at junit.framework.Assert.fail(Assert.java:47)
	at junit.framework.Assert.failNotEquals(Assert.java:280)
	at junit.framework.Assert.assertEquals(Assert.java:64)
	at junit.framework.Assert.assertEquals(Assert.java:133)
	at junit.framework.Assert.assertEquals(Assert.java:139)
	at ru.ifmo.pp.fgb.MTStressTest$TestThread.runOperation(MTStressTest.java:108)
	at ru.ifmo.pp.fgb.MTStressTest$TestThread.runPhase(MTStressTest.java:86)
	at ru.ifmo.pp.fgb.MTStressTest$TestThread.run(MTStressTest.java:67)
junit.framework.AssertionFailedError: expected:&lt;0&gt; but was:&lt;1&gt;
	at junit.framework.Assert.fail(Assert.java:47)
	at junit.framework.Assert.failNotEquals(Assert.java:280)
	at junit.framework.Assert.assertEquals(Assert.java:64)
	at junit.framework.Assert.assertEquals(Assert.java:133)
	at junit.framework.Assert.assertEquals(Assert.java:139)
	at ru.ifmo.pp.fgb.MTStressTest$TestThread.runOperation(MTStressTest.java:108)
	at ru.ifmo.pp.fgb.MTStressTest$TestThread.runPhase(MTStressTest.java:86)
	at ru.ifmo.pp.fgb.MTStressTest$TestThread.run(MTStressTest.java:67)
junit.framework.AssertionFailedError: expected:&lt;0&gt; but was:&lt;91&gt;
	at junit.framework.Assert.fail(Assert.java:47)
	at junit.framework.Assert.failNotEquals(Assert.java:280)
	at junit.framework.Assert.assertEquals(Assert.java:64)
	at junit.framework.Assert.assertEquals(Assert.java:133)
	at junit.framework.Assert.assertEquals(Assert.java:139)
	at ru.ifmo.pp.fgb.MTStressTest$TestThread.runOperation(MTStressTest.java:108)
	at ru.ifmo.pp.fgb.MTStressTest$TestThread.runPhase(MTStressTest.java:86)
	at ru.ifmo.pp.fgb.MTStressTest$TestThread.run(MTStressTest.java:67)
junit.framework.AssertionFailedError: expected:&lt;0&gt; but was:&lt;23&gt;
	at junit.framework.Assert.fail(Assert.java:47)
	at junit.framework.Assert.failNotEquals(Assert.java:280)
	at junit.framework.Assert.assertEquals(Assert.java:64)
	at junit.framework.Assert.assertEquals(Assert.java:133)
	at junit.framework.Assert.assertEquals(Assert.java:139)
	at ru.ifmo.pp.fgb.MTStressTest$TestThread.runOperation(MTStressTest.java:108)
	at ru.ifmo.pp.fgb.MTStressTest$TestThread.runPhase(MTStressTest.java:86)
	at ru.ifmo.pp.fgb.MTStressTest$TestThread.run(MTStressTest.java:67)
junit.framework.AssertionFailedError: expected:&lt;0&gt; but was:&lt;64&gt;
	at junit.framework.Assert.fail(Assert.java:47)
	at junit.framework.Assert.failNotEquals(Assert.java:280)
	at junit.framework.Assert.assertEquals(Assert.java:64)
	at junit.framework.Assert.assertEquals(Assert.java:133)
	at junit.framework.Assert.assertEquals(Assert.java:139)
	at ru.ifmo.pp.fgb.MTStressTest$TestThread.runOperation(MTStressTest.java:108)
	at ru.ifmo.pp.fgb.MTStressTest$TestThread.runPhase(MTStressTest.java:86)
	at ru.ifmo.pp.fgb.MTStressTest$TestThread.run(MTStressTest.java:67)
junit.framework.AssertionFailedError: expected:&lt;0&gt; but was:&lt;55&gt;
	at junit.framework.Assert.fail(Assert.java:47)
	at junit.framework.Assert.failNotEquals(Assert.java:280)
	at junit.framework.Assert.assertEquals(Assert.java:64)
	at junit.framework.Assert.assertEquals(Assert.java:133)
	at junit.framework.Assert.assertEquals(Assert.java:139)
	at ru.ifmo.pp.fgb.MTStressTest$TestThread.runOperation(MTStressTest.java:108)
	at ru.ifmo.pp.fgb.MTStressTest$TestThread.runPhase(MTStressTest.java:86)
	at ru.ifmo.pp.fgb.MTStressTest$TestThread.run(MTStressTest.java:67)
junit.framework.AssertionFailedError: expected:&lt;0&gt; but was:&lt;55&gt;
	at junit.framework.Assert.fail(Assert.java:47)
	at junit.framework.Assert.failNotEquals(Assert.java:280)
	at junit.framework.Assert.assertEquals(Assert.java:64)
	at junit.framework.Assert.assertEquals(Assert.java:133)
	at junit.framework.Assert.assertEquals(Assert.java:139)
	at ru.ifmo.pp.fgb.MTStressTest$TestThread.runOperation(MTStressTest.java:108)
	at ru.ifmo.pp.fgb.MTStressTest$TestThread.runPhase(MTStressTest.java:86)
	at ru.ifmo.pp.fgb.MTStressTest$TestThread.run(MTStressTest.java:67)
</system-err>
  </testcase>
</testsuite>